<?xml version="1.0" encoding="UTF-8"?>
<!-- Generated by org.testng.reporters.JUnitReportReporter -->
<testsuite hostname="DESKTOP-RKHHEF3" failures="0" tests="3" name="Academy.demo1" time="0.010" errors="0" timestamp="2022-03-10T14:16:55 PST" skipped="0">
  <testcase classname="Academy.demo1" name="test5" time="0.004"/>
  <system-out/>
  <testcase classname="Academy.demo1" name="test5" time="0.000"/>
  <system-out/>
  <testcase classname="Academy.demo1" name="test4" time="0.006"/>
  <system-out/>
</testsuite> <!-- Academy.demo1 -->
