<?xml version="1.0" encoding="UTF-8"?>
<!-- Generated by org.testng.reporters.JUnitReportReporter -->
<testsuite hostname="DESKTOP-RKHHEF3" failures="0" tests="1" name="Academy.AppTest" time="0.007" errors="0" timestamp="10 Mar 2022 20:47:37 GMT">
  <testcase classname="Academy.AppTest" name="test5" time="0.007"/>
</testsuite> <!-- Academy.AppTest -->
